C:\Program Files (x86)\MSBuild\Microsoft.Cpp\v4.0\V140\Microsoft.CppBuild.targets(368,5): warning MSB8004: Output Directory does not end with a trailing slash.  This build instance will add the slash as it is required to allow proper evaluation of the Output Directory.
  source.cpp
f:\project\cpl-20162-team4\opencv\functionpractice\include\example.h(8): error C2653: 'cv': 클래스 또는 네임스페이스 이름이 아닙니다.
f:\project\cpl-20162-team4\opencv\functionpractice\include\example.h(8): error C2065: 'Rect': 선언되지 않은 식별자입니다.
f:\project\cpl-20162-team4\opencv\functionpractice\include\example.h(8): error C2923: 'std::vector': 'Rect'은(는) '_Ty' 매개 변수에 대한 올바른 템플릿 형식 인수가 아닙니다.
f:\project\cpl-20162-team4\opencv\functionpractice\include\example.h(8): error C3203: 'allocator': 특수화되지 않은 클래스 템플릿은(는) 템플릿 매개 변수 '_Alloc'에 대한 템플릿 인수로 사용할 수 없습니다. 실제 형식이 필요합니다.
f:\project\cpl-20162-team4\opencv\functionpractice\include\example.h(9): error C2653: 'cv': 클래스 또는 네임스페이스 이름이 아닙니다.
f:\project\cpl-20162-team4\opencv\functionpractice\include\example.h(9): error C2065: 'Rect': 선언되지 않은 식별자입니다.
f:\project\cpl-20162-team4\opencv\functionpractice\include\example.h(9): error C2923: 'std::vector': 'Rect'은(는) '_Ty' 매개 변수에 대한 올바른 템플릿 형식 인수가 아닙니다.
f:\project\cpl-20162-team4\opencv\functionpractice\include\example.h(9): error C3203: 'allocator': 특수화되지 않은 클래스 템플릿은(는) 템플릿 매개 변수 '_Alloc'에 대한 템플릿 인수로 사용할 수 없습니다. 실제 형식이 필요합니다.
  Example.cpp
f:\project\cpl-20162-team4\opencv\functionpractice\include\example.h(8): error C2653: 'cv': 클래스 또는 네임스페이스 이름이 아닙니다.
f:\project\cpl-20162-team4\opencv\functionpractice\include\example.h(8): error C2065: 'Rect': 선언되지 않은 식별자입니다.
f:\project\cpl-20162-team4\opencv\functionpractice\include\example.h(8): error C2923: 'std::vector': 'Rect'은(는) '_Ty' 매개 변수에 대한 올바른 템플릿 형식 인수가 아닙니다.
f:\project\cpl-20162-team4\opencv\functionpractice\include\example.h(8): error C3203: 'allocator': 특수화되지 않은 클래스 템플릿은(는) 템플릿 매개 변수 '_Alloc'에 대한 템플릿 인수로 사용할 수 없습니다. 실제 형식이 필요합니다.
f:\project\cpl-20162-team4\opencv\functionpractice\include\example.h(9): error C2653: 'cv': 클래스 또는 네임스페이스 이름이 아닙니다.
f:\project\cpl-20162-team4\opencv\functionpractice\include\example.h(9): error C2065: 'Rect': 선언되지 않은 식별자입니다.
f:\project\cpl-20162-team4\opencv\functionpractice\include\example.h(9): error C2923: 'std::vector': 'Rect'은(는) '_Ty' 매개 변수에 대한 올바른 템플릿 형식 인수가 아닙니다.
f:\project\cpl-20162-team4\opencv\functionpractice\include\example.h(9): error C3203: 'allocator': 특수화되지 않은 클래스 템플릿은(는) 템플릿 매개 변수 '_Alloc'에 대한 템플릿 인수로 사용할 수 없습니다. 실제 형식이 필요합니다.
f:\project\cpl-20162-team4\opencv\functionpractice\include\example.cpp(7): error C3861: 'cvNamedWindow': 식별자를 찾을 수 없습니다.
f:\project\cpl-20162-team4\opencv\functionpractice\include\example.cpp(9): error C2653: 'cv': 클래스 또는 네임스페이스 이름이 아닙니다.
f:\project\cpl-20162-team4\opencv\functionpractice\include\example.cpp(9): error C2065: 'CascadeClassifier': 선언되지 않은 식별자입니다.
f:\project\cpl-20162-team4\opencv\functionpractice\include\example.cpp(9): error C2146: 구문 오류: ';'이(가) 'face_cascade' 식별자 앞에 없습니다.
f:\project\cpl-20162-team4\opencv\functionpractice\include\example.cpp(9): error C2065: 'face_cascade': 선언되지 않은 식별자입니다.
f:\project\cpl-20162-team4\opencv\functionpractice\include\example.cpp(10): error C2065: 'face_cascade': 선언되지 않은 식별자입니다.
f:\project\cpl-20162-team4\opencv\functionpractice\include\example.cpp(10): error C2228: '.load' 왼쪽에는 클래스/구조체/공용 구조체가 있어야 합니다.
  f:\project\cpl-20162-team4\opencv\functionpractice\include\example.cpp(10): note: 'unknown-type' 형식입니다.
f:\project\cpl-20162-team4\opencv\functionpractice\include\example.cpp(12): error C2039: 'cerr': 'std'의 멤버가 아닙니다.
  c:\program files (x86)\microsoft visual studio 14.0\vc\include\vector(17): note: 'std' 선언을 참조하십시오.
f:\project\cpl-20162-team4\opencv\functionpractice\include\example.cpp(12): error C2065: 'cerr': 선언되지 않은 식별자입니다.
f:\project\cpl-20162-team4\opencv\functionpractice\include\example.cpp(12): error C2039: 'endl': 'std'의 멤버가 아닙니다.
  c:\program files (x86)\microsoft visual studio 14.0\vc\include\vector(17): note: 'std' 선언을 참조하십시오.
f:\project\cpl-20162-team4\opencv\functionpractice\include\example.cpp(12): error C2065: 'endl': 선언되지 않은 식별자입니다.
f:\project\cpl-20162-team4\opencv\functionpractice\include\example.cpp(15): error C2653: 'cv': 클래스 또는 네임스페이스 이름이 아닙니다.
f:\project\cpl-20162-team4\opencv\functionpractice\include\example.cpp(15): error C2065: 'CascadeClassifier': 선언되지 않은 식별자입니다.
f:\project\cpl-20162-team4\opencv\functionpractice\include\example.cpp(15): error C2146: 구문 오류: ';'이(가) 'eye_cascade' 식별자 앞에 없습니다.
f:\project\cpl-20162-team4\opencv\functionpractice\include\example.cpp(15): error C2065: 'eye_cascade': 선언되지 않은 식별자입니다.
f:\project\cpl-20162-team4\opencv\functionpractice\include\example.cpp(16): error C2065: 'eye_cascade': 선언되지 않은 식별자입니다.
f:\project\cpl-20162-team4\opencv\functionpractice\include\example.cpp(16): error C2228: '.load' 왼쪽에는 클래스/구조체/공용 구조체가 있어야 합니다.
  f:\project\cpl-20162-team4\opencv\functionpractice\include\example.cpp(16): note: 'unknown-type' 형식입니다.
f:\project\cpl-20162-team4\opencv\functionpractice\include\example.cpp(18): error C2039: 'cerr': 'std'의 멤버가 아닙니다.
  c:\program files (x86)\microsoft visual studio 14.0\vc\include\vector(17): note: 'std' 선언을 참조하십시오.
f:\project\cpl-20162-team4\opencv\functionpractice\include\example.cpp(18): error C2065: 'cerr': 선언되지 않은 식별자입니다.
f:\project\cpl-20162-team4\opencv\functionpractice\include\example.cpp(18): error C2039: 'endl': 'std'의 멤버가 아닙니다.
  c:\program files (x86)\microsoft visual studio 14.0\vc\include\vector(17): note: 'std' 선언을 참조하십시오.
f:\project\cpl-20162-team4\opencv\functionpractice\include\example.cpp(18): error C2065: 'endl': 선언되지 않은 식별자입니다.
f:\project\cpl-20162-team4\opencv\functionpractice\include\example.cpp(22): error C2065: 'CvCapture': 선언되지 않은 식별자입니다.
f:\project\cpl-20162-team4\opencv\functionpractice\include\example.cpp(22): error C2065: 'pCapture': 선언되지 않은 식별자입니다.
f:\project\cpl-20162-team4\opencv\functionpractice\include\example.cpp(22): error C3861: 'cvCaptureFromCAM': 식별자를 찾을 수 없습니다.
f:\project\cpl-20162-team4\opencv\functionpractice\include\example.cpp(23): error C2653: 'cv': 클래스 또는 네임스페이스 이름이 아닙니다.
f:\project\cpl-20162-team4\opencv\functionpractice\include\example.cpp(23): error C2065: 'Mat': 선언되지 않은 식별자입니다.
f:\project\cpl-20162-team4\opencv\functionpractice\include\example.cpp(23): error C2146: 구문 오류: ';'이(가) 'Frame' 식별자 앞에 없습니다.
f:\project\cpl-20162-team4\opencv\functionpractice\include\example.cpp(23): error C2065: 'Frame': 선언되지 않은 식별자입니다.
f:\project\cpl-20162-team4\opencv\functionpractice\include\example.cpp(25): error C2653: 'cv': 클래스 또는 네임스페이스 이름이 아닙니다.
f:\project\cpl-20162-team4\opencv\functionpractice\include\example.cpp(25): error C2065: 'Rect': 선언되지 않은 식별자입니다.
f:\project\cpl-20162-team4\opencv\functionpractice\include\example.cpp(25): error C2923: 'std::vector': 'Rect'은(는) '_Ty' 매개 변수에 대한 올바른 템플릿 형식 인수가 아닙니다.
f:\project\cpl-20162-team4\opencv\functionpractice\include\example.cpp(25): error C3203: 'allocator': 특수화되지 않은 클래스 템플릿은(는) 템플릿 매개 변수 '_Alloc'에 대한 템플릿 인수로 사용할 수 없습니다. 실제 형식이 필요합니다.
f:\project\cpl-20162-team4\opencv\functionpractice\include\example.cpp(25): error C2133: 'faces': 알 수 없는 크기입니다.
f:\project\cpl-20162-team4\opencv\functionpractice\include\example.cpp(25): error C2512: 'std::vector': 사용할 수 있는 적절한 기본 생성자가 없습니다.
  c:\program files (x86)\microsoft visual studio 14.0\vc\include\vector(679): note: 'std::vector' 선언을 참조하십시오.
f:\project\cpl-20162-team4\opencv\functionpractice\include\example.cpp(26): error C2653: 'cv': 클래스 또는 네임스페이스 이름이 아닙니다.
f:\project\cpl-20162-team4\opencv\functionpractice\include\example.cpp(26): error C2065: 'Rect': 선언되지 않은 식별자입니다.
f:\project\cpl-20162-team4\opencv\functionpractice\include\example.cpp(26): error C2923: 'std::vector': 'Rect'은(는) '_Ty' 매개 변수에 대한 올바른 템플릿 형식 인수가 아닙니다.
f:\project\cpl-20162-team4\opencv\functionpractice\include\example.cpp(26): error C3203: 'allocator': 특수화되지 않은 클래스 템플릿은(는) 템플릿 매개 변수 '_Alloc'에 대한 템플릿 인수로 사용할 수 없습니다. 실제 형식이 필요합니다.
f:\project\cpl-20162-team4\opencv\functionpractice\include\example.cpp(26): error C2133: 'eyes': 알 수 없는 크기입니다.
f:\project\cpl-20162-team4\opencv\functionpractice\include\example.cpp(26): error C2512: 'std::vector': 사용할 수 있는 적절한 기본 생성자가 없습니다.
  c:\program files (x86)\microsoft visual studio 14.0\vc\include\vector(679): note: 'std::vector' 선언을 참조하십시오.
f:\project\cpl-20162-team4\opencv\functionpractice\include\example.cpp(29): error C3861: 'cvWaitKey': 식별자를 찾을 수 없습니다.
f:\project\cpl-20162-team4\opencv\functionpractice\include\example.cpp(32): error C2065: 'Frame': 선언되지 않은 식별자입니다.
f:\project\cpl-20162-team4\opencv\functionpractice\include\example.cpp(32): error C2065: 'pCapture': 선언되지 않은 식별자입니다.
f:\project\cpl-20162-team4\opencv\functionpractice\include\example.cpp(32): error C3861: 'cvQueryFrame': 식별자를 찾을 수 없습니다.
f:\project\cpl-20162-team4\opencv\functionpractice\include\example.cpp(33): error C2653: 'cv': 클래스 또는 네임스페이스 이름이 아닙니다.
f:\project\cpl-20162-team4\opencv\functionpractice\include\example.cpp(33): error C2065: 'Mat': 선언되지 않은 식별자입니다.
f:\project\cpl-20162-team4\opencv\functionpractice\include\example.cpp(33): error C2146: 구문 오류: ';'이(가) 'GrayFrame' 식별자 앞에 없습니다.
f:\project\cpl-20162-team4\opencv\functionpractice\include\example.cpp(33): error C2065: 'GrayFrame': 선언되지 않은 식별자입니다.
f:\project\cpl-20162-team4\opencv\functionpractice\include\example.cpp(35): error C2653: 'cv': 클래스 또는 네임스페이스 이름이 아닙니다.
f:\project\cpl-20162-team4\opencv\functionpractice\include\example.cpp(35): error C2065: 'Frame': 선언되지 않은 식별자입니다.
f:\project\cpl-20162-team4\opencv\functionpractice\include\example.cpp(35): error C2065: 'GrayFrame': 선언되지 않은 식별자입니다.
f:\project\cpl-20162-team4\opencv\functionpractice\include\example.cpp(35): error C2065: 'CV_BGR2GRAY': 선언되지 않은 식별자입니다.
f:\project\cpl-20162-team4\opencv\functionpractice\include\example.cpp(35): error C3861: 'cvtColor': 식별자를 찾을 수 없습니다.
f:\project\cpl-20162-team4\opencv\functionpractice\include\example.cpp(36): error C2653: 'cv': 클래스 또는 네임스페이스 이름이 아닙니다.
f:\project\cpl-20162-team4\opencv\functionpractice\include\example.cpp(36): error C2065: 'GrayFrame': 선언되지 않은 식별자입니다.
f:\project\cpl-20162-team4\opencv\functionpractice\include\example.cpp(36): error C3861: 'equalizeHist': 식별자를 찾을 수 없습니다.
f:\project\cpl-20162-team4\opencv\functionpractice\include\example.cpp(38): error C2065: 'face_cascade': 선언되지 않은 식별자입니다.
f:\project\cpl-20162-team4\opencv\functionpractice\include\example.cpp(38): error C2228: '.detectMultiScale' 왼쪽에는 클래스/구조체/공용 구조체가 있어야 합니다.
  f:\project\cpl-20162-team4\opencv\functionpractice\include\example.cpp(38): note: 'unknown-type' 형식입니다.
f:\project\cpl-20162-team4\opencv\functionpractice\include\example.cpp(38): error C2065: 'GrayFrame': 선언되지 않은 식별자입니다.
f:\project\cpl-20162-team4\opencv\functionpractice\include\example.cpp(38): error C2065: 'CV_HAAR_SCALE_IMAGE': 선언되지 않은 식별자입니다.
f:\project\cpl-20162-team4\opencv\functionpractice\include\example.cpp(38): error C2653: 'cv': 클래스 또는 네임스페이스 이름이 아닙니다.
f:\project\cpl-20162-team4\opencv\functionpractice\include\example.cpp(38): error C3861: 'Size': 식별자를 찾을 수 없습니다.
f:\project\cpl-20162-team4\opencv\functionpractice\include\example.cpp(40): error C2662: '_Vector_alloc<std::_Vec_base_types<_Ty,_Alloc_types::_Alloc>>::size_type std::vector<_Ty,_Alloc>::size(void) noexcept const': 'this' 포인터를 'std::vector'에서 'const std::vector<_Ty,_Alloc> &'(으)로 변환할 수 없습니다.
  f:\project\cpl-20162-team4\opencv\functionpractice\include\example.cpp(40): note: 원인: 'std::vector'에서 'const std::vector<_Ty,_Alloc>'(으)로 변환할 수 없습니다.
  f:\project\cpl-20162-team4\opencv\functionpractice\include\example.cpp(40): note: 변환하려면 둘째 사용자 정의 변환 연산자 또는 생성자가 있어야 합니다.
f:\project\cpl-20162-team4\opencv\functionpractice\include\example.cpp(42): error C2065: 'Frame': 선언되지 않은 식별자입니다.
f:\project\cpl-20162-team4\opencv\functionpractice\include\example.cpp(42): error C2678: 이항 '[': 왼쪽 피연산자로 'std::vector' 형식을 사용하는 연산자가 없거나 허용되는 변환이 없습니다.
  c:\program files (x86)\microsoft visual studio 14.0\vc\include\vector(1229): note: '_Vector_alloc<std::_Vec_base_types<_Ty,_Alloc_types::_Alloc>>::reference std::vector<_Ty,_Alloc>::operator [](_Vector_alloc<std::_Vec_base_types<_Ty,_Alloc_types::_Alloc>>::size_type)'일 수 있습니다.
  c:\program files (x86)\microsoft visual studio 14.0\vc\include\vector(1213): note: 또는       '_Vector_alloc<std::_Vec_base_types<_Ty,_Alloc_types::_Alloc>>::const_reference std::vector<_Ty,_Alloc>::operator [](_Vector_alloc<std::_Vec_base_types<_Ty,_Alloc_types::_Alloc>>::size_type) const'
  f:\project\cpl-20162-team4\opencv\functionpractice\include\example.cpp(42): note: 인수 목록 '(std::vector, std::size_t)'을(를) 일치시키는 동안
f:\project\cpl-20162-team4\opencv\functionpractice\include\example.cpp(42): error C2653: 'cv': 클래스 또는 네임스페이스 이름이 아닙니다.
f:\project\cpl-20162-team4\opencv\functionpractice\include\example.cpp(42): error C3861: 'Scalar': 식별자를 찾을 수 없습니다.
f:\project\cpl-20162-team4\opencv\functionpractice\include\example.cpp(42): error C3861: 'rectangle': 식별자를 찾을 수 없습니다.
f:\project\cpl-20162-team4\opencv\functionpractice\include\example.cpp(44): error C2653: 'cv': 클래스 또는 네임스페이스 이름이 아닙니다.
f:\project\cpl-20162-team4\opencv\functionpractice\include\example.cpp(44): error C2065: 'Mat': 선언되지 않은 식별자입니다.
f:\project\cpl-20162-team4\opencv\functionpractice\include\example.cpp(44): error C2146: 구문 오류: ';'이(가) 'faceROI' 식별자 앞에 없습니다.
f:\project\cpl-20162-team4\opencv\functionpractice\include\example.cpp(44): error C2065: 'faceROI': 선언되지 않은 식별자입니다.
f:\project\cpl-20162-team4\opencv\functionpractice\include\example.cpp(44): error C2678: 이항 '[': 왼쪽 피연산자로 'std::vector' 형식을 사용하는 연산자가 없거나 허용되는 변환이 없습니다.
  c:\program files (x86)\microsoft visual studio 14.0\vc\include\vector(1229): note: '_Vector_alloc<std::_Vec_base_types<_Ty,_Alloc_types::_Alloc>>::reference std::vector<_Ty,_Alloc>::operator [](_Vector_alloc<std::_Vec_base_types<_Ty,_Alloc_types::_Alloc>>::size_type)'일 수 있습니다.
  c:\program files (x86)\microsoft visual studio 14.0\vc\include\vector(1213): note: 또는       '_Vector_alloc<std::_Vec_base_types<_Ty,_Alloc_types::_Alloc>>::const_reference std::vector<_Ty,_Alloc>::operator [](_Vector_alloc<std::_Vec_base_types<_Ty,_Alloc_types::_Alloc>>::size_type) const'
  f:\project\cpl-20162-team4\opencv\functionpractice\include\example.cpp(44): note: 인수 목록 '(std::vector, std::size_t)'을(를) 일치시키는 동안
f:\project\cpl-20162-team4\opencv\functionpractice\include\example.cpp(44): error C3861: 'GrayFrame': 식별자를 찾을 수 없습니다.
f:\project\cpl-20162-team4\opencv\functionpractice\include\example.cpp(45): error C2065: 'eye_cascade': 선언되지 않은 식별자입니다.
f:\project\cpl-20162-team4\opencv\functionpractice\include\example.cpp(45): error C2228: '.detectMultiScale' 왼쪽에는 클래스/구조체/공용 구조체가 있어야 합니다.
  f:\project\cpl-20162-team4\opencv\functionpractice\include\example.cpp(45): note: 'unknown-type' 형식입니다.
f:\project\cpl-20162-team4\opencv\functionpractice\include\example.cpp(45): error C2065: 'faceROI': 선언되지 않은 식별자입니다.
f:\project\cpl-20162-team4\opencv\functionpractice\include\example.cpp(45): error C2065: 'CV_HAAR_SCALE_IMAGE': 선언되지 않은 식별자입니다.
f:\project\cpl-20162-team4\opencv\functionpractice\include\example.cpp(45): error C2653: 'cv': 클래스 또는 네임스페이스 이름이 아닙니다.
f:\project\cpl-20162-team4\opencv\functionpractice\include\example.cpp(45): error C3861: 'Size': 식별자를 찾을 수 없습니다.
f:\project\cpl-20162-team4\opencv\functionpractice\include\example.cpp(46): error C2662: '_Vector_alloc<std::_Vec_base_types<_Ty,_Alloc_types::_Alloc>>::size_type std::vector<_Ty,_Alloc>::size(void) noexcept const': 'this' 포인터를 'std::vector'에서 'const std::vector<_Ty,_Alloc> &'(으)로 변환할 수 없습니다.
  f:\project\cpl-20162-team4\opencv\functionpractice\include\example.cpp(46): note: 원인: 'std::vector'에서 'const std::vector<_Ty,_Alloc>'(으)로 변환할 수 없습니다.
  f:\project\cpl-20162-team4\opencv\functionpractice\include\example.cpp(46): note: 변환하려면 둘째 사용자 정의 변환 연산자 또는 생성자가 있어야 합니다.
f:\project\cpl-20162-team4\opencv\functionpractice\include\example.cpp(48): error C2653: 'cv': 클래스 또는 네임스페이스 이름이 아닙니다.
f:\project\cpl-20162-team4\opencv\functionpractice\include\example.cpp(48): error C2065: 'Point': 선언되지 않은 식별자입니다.
f:\project\cpl-20162-team4\opencv\functionpractice\include\example.cpp(48): error C2146: 구문 오류: ';'이(가) 'center' 식별자 앞에 없습니다.
f:\project\cpl-20162-team4\opencv\functionpractice\include\example.cpp(48): error C2678: 이항 '[': 왼쪽 피연산자로 'std::vector' 형식을 사용하는 연산자가 없거나 허용되는 변환이 없습니다.
  c:\program files (x86)\microsoft visual studio 14.0\vc\include\vector(1229): note: '_Vector_alloc<std::_Vec_base_types<_Ty,_Alloc_types::_Alloc>>::reference std::vector<_Ty,_Alloc>::operator [](_Vector_alloc<std::_Vec_base_types<_Ty,_Alloc_types::_Alloc>>::size_type)'일 수 있습니다.
  c:\program files (x86)\microsoft visual studio 14.0\vc\include\vector(1213): note: 또는       '_Vector_alloc<std::_Vec_base_types<_Ty,_Alloc_types::_Alloc>>::const_reference std::vector<_Ty,_Alloc>::operator [](_Vector_alloc<std::_Vec_base_types<_Ty,_Alloc_types::_Alloc>>::size_type) const'
  f:\project\cpl-20162-team4\opencv\functionpractice\include\example.cpp(48): note: 인수 목록 '(std::vector, std::size_t)'을(를) 일치시키는 동안
f:\project\cpl-20162-team4\opencv\functionpractice\include\example.cpp(48): error C2228: '.x' 왼쪽에는 클래스/구조체/공용 구조체가 있어야 합니다.
f:\project\cpl-20162-team4\opencv\functionpractice\include\example.cpp(48): error C2088: '[': class에 맞지 않습니다.
f:\project\cpl-20162-team4\opencv\functionpractice\include\example.cpp(48): error C2228: '.width' 왼쪽에는 클래스/구조체/공용 구조체가 있어야 합니다.
f:\project\cpl-20162-team4\opencv\functionpractice\include\example.cpp(48): error C2228: '.y' 왼쪽에는 클래스/구조체/공용 구조체가 있어야 합니다.
f:\project\cpl-20162-team4\opencv\functionpractice\include\example.cpp(48): error C2228: '.height' 왼쪽에는 클래스/구조체/공용 구조체가 있어야 합니다.
f:\project\cpl-20162-team4\opencv\functionpractice\include\example.cpp(48): error C3861: 'center': 식별자를 찾을 수 없습니다.
f:\project\cpl-20162-team4\opencv\functionpractice\include\example.cpp(49): error C2678: 이항 '[': 왼쪽 피연산자로 'std::vector' 형식을 사용하는 연산자가 없거나 허용되는 변환이 없습니다.
  c:\program files (x86)\microsoft visual studio 14.0\vc\include\vector(1229): note: '_Vector_alloc<std::_Vec_base_types<_Ty,_Alloc_types::_Alloc>>::reference std::vector<_Ty,_Alloc>::operator [](_Vector_alloc<std::_Vec_base_types<_Ty,_Alloc_types::_Alloc>>::size_type)'일 수 있습니다.
  c:\program files (x86)\microsoft visual studio 14.0\vc\include\vector(1213): note: 또는       '_Vector_alloc<std::_Vec_base_types<_Ty,_Alloc_types::_Alloc>>::const_reference std::vector<_Ty,_Alloc>::operator [](_Vector_alloc<std::_Vec_base_types<_Ty,_Alloc_types::_Alloc>>::size_type) const'
  f:\project\cpl-20162-team4\opencv\functionpractice\include\example.cpp(49): note: 인수 목록 '(std::vector, std::size_t)'을(를) 일치시키는 동안
f:\project\cpl-20162-team4\opencv\functionpractice\include\example.cpp(49): error C2228: '.width' 왼쪽에는 클래스/구조체/공용 구조체가 있어야 합니다.
f:\project\cpl-20162-team4\opencv\functionpractice\include\example.cpp(49): fatal error C1003: 오류 수가 100개를 초과했습니다. 컴파일을 중지합니다.
  코드를 생성하고 있습니다...
